# JRE version: OpenJDK Runtime Environment (8.0_91-b14) (build 1.8.0_91-8u91-b14-3ubuntu1~16.04.1-b14)
# Java VM: OpenJDK 64-Bit Server VM (25.91-b14 mixed mode linux-amd64 compressed oops)
Heap:
 PSYoungGen      total 204800K, used 16374K [0x00000000e2500000, 0x00000000efd00000, 0x0000000100000000)
  eden space 188416K, 0% used [0x00000000e2500000,0x00000000e2500000,0x00000000edd00000)
  from space 16384K, 99% used [0x00000000edd00000,0x00000000eecfd890,0x00000000eed00000)
  to   space 15360K, 0% used [0x00000000eee00000,0x00000000eee00000,0x00000000efd00000)
 ParOldGen       total 69120K, used 31433K [0x00000000a6e00000, 0x00000000ab180000, 0x00000000e2500000)
  object space 69120K, 45% used [0x00000000a6e00000,0x00000000a8cb25f0,0x00000000ab180000)
 Metaspace       used 29155K, capacity 29886K, committed 30128K, reserved 1075200K
  class space    used 3458K, capacity 3692K, committed 3760K, reserved 1048576K
GC Heap History (10 events):
Event: 7.163 GC heap after
Heap after GC invocations=5 (full 0):
 PSYoungGen      total 50688K, used 3552K [0x00000000e2500000, 0x00000000e9000000, 0x0000000100000000)
  eden space 47104K, 0% used [0x00000000e2500000,0x00000000e2500000,0x00000000e5300000)
  from space 3584K, 99% used [0x00000000e5300000,0x00000000e5678020,0x00000000e5680000)
  to   space 7680K, 0% used [0x00000000e8880000,0x00000000e8880000,0x00000000e9000000)
 ParOldGen       total 61440K, used 10067K [0x00000000a6e00000, 0x00000000aaa00000, 0x00000000e2500000)
  object space 61440K, 16% used [0x00000000a6e00000,0x00000000a77d4fd8,0x00000000aaa00000)
 Metaspace       used 15030K, capacity 15212K, committed 15488K, reserved 1062912K
  class space    used 1767K, capacity 1850K, committed 1920K, reserved 1048576K
}
Event: 8.835 GC heap before
{Heap before GC invocations=6 (full 0):
 PSYoungGen      total 50688K, used 50656K [0x00000000e2500000, 0x00000000e9000000, 0x0000000100000000)
  eden space 47104K, 100% used [0x00000000e2500000,0x00000000e5300000,0x00000000e5300000)
  from space 3584K, 99% used [0x00000000e5300000,0x00000000e5678020,0x00000000e5680000)
  to   space 7680K, 0% used [0x00000000e8880000,0x00000000e8880000,0x00000000e9000000)
 ParOldGen       total 61440K, used 10067K [0x00000000a6e00000, 0x00000000aaa00000, 0x00000000e2500000)
  object space 61440K, 16% used [0x00000000a6e00000,0x00000000a77d4fd8,0x00000000aaa00000)
 Metaspace       used 15785K, capacity 16156K, committed 16384K, reserved 1062912K
  class space    used 1836K, capacity 1926K, committed 2048K, reserved 1048576K
Event: 8.908 GC heap after
Heap after GC invocations=6 (full 0):
 PSYoungGen      total 101888K, used 6592K [0x00000000e2500000, 0x00000000e9000000, 0x0000000100000000)
  eden space 94208K, 0% used [0x00000000e2500000,0x00000000e2500000,0x00000000e8100000)
  from space 7680K, 85% used [0x00000000e8880000,0x00000000e8ef0000,0x00000000e9000000)
  to   space 7680K, 0% used [0x00000000e8100000,0x00000000e8100000,0x00000000e8880000)
 ParOldGen       total 61440K, used 10075K [0x00000000a6e00000, 0x00000000aaa00000, 0x00000000e2500000)
  object space 61440K, 16% used [0x00000000a6e00000,0x00000000a77d6fd8,0x00000000aaa00000)
 Metaspace       used 15785K, capacity 16156K, committed 16384K, reserved 1062912K
  class space    used 1836K, capacity 1926K, committed 2048K, reserved 1048576K
}
Event: 12.717 GC heap before
{Heap before GC invocations=7 (full 0):
 PSYoungGen      total 101888K, used 100800K [0x00000000e2500000, 0x00000000e9000000, 0x0000000100000000)
  eden space 94208K, 100% used [0x00000000e2500000,0x00000000e8100000,0x00000000e8100000)
  from space 7680K, 85% used [0x00000000e8880000,0x00000000e8ef0000,0x00000000e9000000)
  to   space 7680K, 0% used [0x00000000e8100000,0x00000000e8100000,0x00000000e8880000)
 ParOldGen       total 61440K, used 10075K [0x00000000a6e00000, 0x00000000aaa00000, 0x00000000e2500000)
  object space 61440K, 16% used [0x00000000a6e00000,0x00000000a77d6fd8,0x00000000aaa00000)
 Metaspace       used 20359K, capacity 20908K, committed 20992K, reserved 1067008K
  class space    used 2404K, capacity 2558K, committed 2560K, reserved 1048576K
Event: 12.795 GC heap after
Heap after GC invocations=7 (full 0):
 PSYoungGen      total 101888K, used 7668K [0x00000000e2500000, 0x00000000eff00000, 0x0000000100000000)
  eden space 94208K, 0% used [0x00000000e2500000,0x00000000e2500000,0x00000000e8100000)
  from space 7680K, 99% used [0x00000000e8100000,0x00000000e887d050,0x00000000e8880000)
  to   space 17408K, 0% used [0x00000000eee00000,0x00000000eee00000,0x00000000eff00000)
 ParOldGen       total 61440K, used 27545K [0x00000000a6e00000, 0x00000000aaa00000, 0x00000000e2500000)
  object space 61440K, 44% used [0x00000000a6e00000,0x00000000a88e6438,0x00000000aaa00000)
 Metaspace       used 20359K, capacity 20908K, committed 20992K, reserved 1067008K
  class space    used 2404K, capacity 2558K, committed 2560K, reserved 1048576K
}
Event: 13.153 GC heap before
{Heap before GC invocations=8 (full 0):
 PSYoungGen      total 101888K, used 11480K [0x00000000e2500000, 0x00000000eff00000, 0x0000000100000000)
  eden space 94208K, 4% used [0x00000000e2500000,0x00000000e28b9288,0x00000000e8100000)
  from space 7680K, 99% used [0x00000000e8100000,0x00000000e887d050,0x00000000e8880000)
  to   space 17408K, 0% used [0x00000000eee00000,0x00000000eee00000,0x00000000eff00000)
 ParOldGen       total 61440K, used 27545K [0x00000000a6e00000, 0x00000000aaa00000, 0x00000000e2500000)
  object space 61440K, 44% used [0x00000000a6e00000,0x00000000a88e6438,0x00000000aaa00000)
 Metaspace       used 20777K, capacity 21260K, committed 21296K, reserved 1069056K
  class space    used 2450K, capacity 2590K, committed 2608K, reserved 1048576K
Event: 13.229 GC heap after
Heap after GC invocations=8 (full 0):
 PSYoungGen      total 203776K, used 7532K [0x00000000e2500000, 0x00000000efd00000, 0x0000000100000000)
  eden space 188416K, 0% used [0x00000000e2500000,0x00000000e2500000,0x00000000edd00000)
  from space 15360K, 49% used [0x00000000eee00000,0x00000000ef55b0b8,0x00000000efd00000)
  to   space 16384K, 0% used [0x00000000edd00000,0x00000000edd00000,0x00000000eed00000)
 ParOldGen       total 61440K, used 29107K [0x00000000a6e00000, 0x00000000aaa00000, 0x00000000e2500000)
  object space 61440K, 47% used [0x00000000a6e00000,0x00000000a8a6cc68,0x00000000aaa00000)
 Metaspace       used 20777K, capacity 21260K, committed 21296K, reserved 1069056K
  class space    used 2450K, capacity 2590K, committed 2608K, reserved 1048576K
}
Event: 13.234 GC heap before
{Heap before GC invocations=9 (full 1):
 PSYoungGen      total 203776K, used 7532K [0x00000000e2500000, 0x00000000efd00000, 0x0000000100000000)
  eden space 188416K, 0% used [0x00000000e2500000,0x00000000e2500000,0x00000000edd00000)
  from space 15360K, 49% used [0x00000000eee00000,0x00000000ef55b0b8,0x00000000efd00000)
  to   space 16384K, 0% used [0x00000000edd00000,0x00000000edd00000,0x00000000eed00000)
 ParOldGen       total 61440K, used 29107K [0x00000000a6e00000, 0x00000000aaa00000, 0x00000000e2500000)
  object space 61440K, 47% used [0x00000000a6e00000,0x00000000a8a6cc68,0x00000000aaa00000)
 Metaspace       used 20777K, capacity 21260K, committed 21296K, reserved 1069056K
  class space    used 2450K, capacity 2590K, committed 2608K, reserved 1048576K
Event: 13.453 GC heap after
Heap after GC invocations=9 (full 1):
 PSYoungGen      total 203776K, used 0K [0x00000000e2500000, 0x00000000efd00000, 0x0000000100000000)
  eden space 188416K, 0% used [0x00000000e2500000,0x00000000e2500000,0x00000000edd00000)
  from space 15360K, 0% used [0x00000000eee00000,0x00000000eee00000,0x00000000efd00000)
  to   space 16384K, 0% used [0x00000000edd00000,0x00000000edd00000,0x00000000eed00000)
 ParOldGen       total 69120K, used 27974K [0x00000000a6e00000, 0x00000000ab180000, 0x00000000e2500000)
  object space 69120K, 40% used [0x00000000a6e00000,0x00000000a8951860,0x00000000ab180000)
 Metaspace       used 20777K, capacity 21260K, committed 21296K, reserved 1069056K
  class space    used 2450K, capacity 2590K, committed 2608K, reserved 1048576K
}
Event: 20.347 GC heap before
{Heap before GC invocations=10 (full 1):
 PSYoungGen      total 203776K, used 127667K [0x00000000e2500000, 0x00000000efd00000, 0x0000000100000000)
  eden space 188416K, 67% used [0x00000000e2500000,0x00000000ea1acf20,0x00000000edd00000)
  from space 15360K, 0% used [0x00000000eee00000,0x00000000eee00000,0x00000000efd00000)
  to   space 16384K, 0% used [0x00000000edd00000,0x00000000edd00000,0x00000000eed00000)
 ParOldGen       total 69120K, used 27974K [0x00000000a6e00000, 0x00000000ab180000, 0x00000000e2500000)
  object space 69120K, 40% used [0x00000000a6e00000,0x00000000a8951860,0x00000000ab180000)
 Metaspace       used 29155K, capacity 29886K, committed 30128K, reserved 1075200K
  class space    used 3458K, capacity 3692K, committed 3760K, reserved 1048576K

